<?xml version="1.0" encoding="UTF-8"?>
<!-- Generated by org.testng.reporters.JUnitXMLReporter -->
<testsuite ignored="6" hostname="ACER" failures="0" tests="2" name="test1" time="0.058" errors="0" timestamp="2025-03-31T23:43:54 IST">
  <testcase classname="TestNGgroups.TNGgroups3" name="groups3" time="0.013"/>
  <testcase classname="TestNGgroups.TNGgroups3" name="groups33" time="0.002"/>
  <testcase classname="TestNGgroups.TNGgroups" name="advsearch" time="0.0">
    <ignored/>
  </testcase> <!-- advsearch -->
  <testcase classname="TestNGgroups.TNGgroups" name="logout" time="0.0">
    <ignored/>
  </testcase> <!-- logout -->
  <testcase classname="TestNGgroups.TNGgroups2" name="group2" time="0.0">
    <ignored/>
  </testcase> <!-- group2 -->
  <testcase classname="TestNGgroups.TNGgroups" name="search" time="0.0">
    <ignored/>
  </testcase> <!-- search -->
  <testcase classname="TestNGgroups.TNGgroups" name="login" time="0.0">
    <ignored/>
  </testcase> <!-- login -->
  <testcase classname="TestNGgroups.TNGgroups2" name="group22" time="0.0">
    <ignored/>
  </testcase> <!-- group22 -->
</testsuite> <!-- test1 -->
