<?xml version="1.0" encoding="UTF-8"?>
<!-- Generated by org.testng.reporters.JUnitXMLReporter -->
<testsuite ignored="0" hostname="ACER" failures="0" tests="6" name="suite" time="7.478" errors="0" timestamp="2025-03-26T23:17:33 IST">
  <testcase classname="TestNGframework.TestNGdriver" name="get" time="4.86"/>
  <testcase classname="TestNGframework.TestNGdriver" name="login" time="0.587"/>
  <testcase classname="TestNGframework.TestNGdriver" name="logo" time="1.966"/>
  <testcase classname="TestNGframework.TestNGfirst" name="login" time="0.002"/>
  <testcase classname="TestNGframework.TestNGfirst" name="logout" time="0.001"/>
  <testcase classname="TestNGframework.TestNGfirst" name="open" time="0.002"/>
</testsuite> <!-- suite -->
