<?xml version="1.0" encoding="UTF-8"?>
<testng-results ignored="0" total="2" passed="2" failed="0" skipped="0">
  <reporter-output>
  </reporter-output>
  <suite started-at="2025-04-01T23:28:28 IST" name="suite" finished-at="2025-04-01T23:28:42 IST" duration-ms="14401">
    <groups>
    </groups>
    <test started-at="2025-04-01T23:28:28 IST" name="edgetest" finished-at="2025-04-01T23:28:36 IST" duration-ms="8867">
      <class name="DataProvider.Paralleltesting">
        <test-method is-config="true" signature="setup(java.lang.String,java.lang.String)[pri:0, instance:DataProvider.Paralleltesting@2de23121]" started-at="2025-04-01T23:28:28 IST" name="setup" finished-at="2025-04-01T23:28:35 IST" duration-ms="7414" status="PASS">
          <params>
            <param index="0">
              <value>
                <![CDATA[edge]]>
              </value>
            </param>
            <param index="1">
              <value>
                <![CDATA[https://opensource-demo.orangehrmlive.com/web/index.php/auth/login]]>
              </value>
            </param>
          </params>
          <reporter-output>
          </reporter-output>
        </test-method> <!-- setup -->
        <test-method signature="login()[pri:0, instance:DataProvider.Paralleltesting@2de23121]" started-at="2025-04-01T23:28:35 IST" name="login" finished-at="2025-04-01T23:28:36 IST" duration-ms="1402" status="PASS">
          <reporter-output>
          </reporter-output>
        </test-method> <!-- login -->
      </class> <!-- DataProvider.Paralleltesting -->
    </test> <!-- edgetest -->
    <test started-at="2025-04-01T23:28:37 IST" name="chrometest" finished-at="2025-04-01T23:28:42 IST" duration-ms="5361">
      <class name="DataProvider.Paralleltesting">
        <test-method is-config="true" signature="setup(java.lang.String,java.lang.String)[pri:0, instance:DataProvider.Paralleltesting@117e949d]" started-at="2025-04-01T23:28:37 IST" name="setup" finished-at="2025-04-01T23:28:42 IST" duration-ms="5049" status="PASS">
          <params>
            <param index="0">
              <value>
                <![CDATA[chrome]]>
              </value>
            </param>
            <param index="1">
              <value>
                <![CDATA[https://opensource-demo.orangehrmlive.com/web/index.php/auth/login]]>
              </value>
            </param>
          </params>
          <reporter-output>
          </reporter-output>
        </test-method> <!-- setup -->
        <test-method signature="login()[pri:0, instance:DataProvider.Paralleltesting@117e949d]" started-at="2025-04-01T23:28:42 IST" name="login" finished-at="2025-04-01T23:28:42 IST" duration-ms="312" status="PASS">
          <reporter-output>
          </reporter-output>
        </test-method> <!-- login -->
      </class> <!-- DataProvider.Paralleltesting -->
    </test> <!-- chrometest -->
  </suite> <!-- suite -->
</testng-results>
